<?xml version="1.0" encoding="UTF-8"?>
<testng-results ignored="0" total="1" passed="1" failed="0" skipped="0">
  <reporter-output>
  </reporter-output>
  <suite started-at="2024-08-05T21:34:02 IST" name="Default suite" finished-at="2024-08-05T21:34:36 IST" duration-ms="34471">
    <groups>
    </groups>
    <test started-at="2024-08-05T21:34:02 IST" name="Default test" finished-at="2024-08-05T21:34:36 IST" duration-ms="34471">
      <class name="WpStatus">
        <test-method signature="viewStatus()[pri:0, instance:WpStatus@4b45a2f5]" started-at="2024-08-05T21:34:02 IST" name="viewStatus" finished-at="2024-08-05T21:34:36 IST" duration-ms="34422" status="PASS">
          <reporter-output>
          </reporter-output>
        </test-method> <!-- viewStatus -->
      </class> <!-- WpStatus -->
    </test> <!-- Default test -->
  </suite> <!-- Default suite -->
</testng-results>
